Working on method M=1, concurrency P=4
sending 9160256 bytes from rank 3
sending 9146032 bytes from rank 1
sending 9146032 bytes from rank 2
sending 9160256 bytes from rank 0
sending 9160256 bytes from rank 0
sending 9167368 bytes from rank 0


Timing results from rank 0: 
	Scatter time:	39.4888 (ms) 
	Sobel time:	69.8199 (ms) 
	Gather time:	31.4281 (ms) 
Working on method M=1, concurrency P=9
sending 4060952 bytes from rank 3
sending 4060952 bytes from rank 6
sending 4060952 bytes from rank 1
sending 4060952 bytes from rank 2
sending 4060952 bytes from rank 4
sending 4060952 bytes from rank 5
sending 4110736 bytes from rank 8
sending 4060952 bytes from rank 7
sending 4075176 bytes from rank 0
sending 4075176 bytes from rank 0
sending 4075176 bytes from rank 0
sending 4075176 bytes from rank 0
sending 4075176 bytes from rank 0
sending 4075176 bytes from rank 0
sending 4075176 bytes from rank 0
sending 4117848 bytes from rank 0


Timing results from rank 0: 
	Scatter time:	32.7886 (ms) 
	Sobel time:	31.1874 (ms) 
	Gather time:	26.1356 (ms) 
Working on method M=1, concurrency P=16
sending 2282952 bytes from rank 3
sending 2282952 bytes from rank 6
sending 2282952 bytes from rank 2
sending 2282952 bytes from rank 1
sending 2282952 bytes from rank 7
sending 2282952 bytes from rank 9
sending 2282952 bytes from rank 14
sending 2282952 bytes from rank 4
sending 2282952 bytes from rank 8
sending 2354072 bytes from rank 15
sending 2282952 bytes from rank 5
sending 2282952 bytes from rank 10
sending 2282952 bytes from rank 13
sending 2282952 bytes from rank 11
sending 2282952 bytes from rank 12
sending 2297176 bytes from rank 0
sending 2297176 bytes from rank 0
sending 2297176 bytes from rank 0
sending 2297176 bytes from rank 0
sending 2297176 bytes from rank 0
sending 2297176 bytes from rank 0
sending 2297176 bytes from rank 0
sending 2297176 bytes from rank 0
sending 2297176 bytes from rank 0
sending 2297176 bytes from rank 0
sending 2297176 bytes from rank 0
sending 2297176 bytes from rank 0
sending 2297176 bytes from rank 0
sending 2297176 bytes from rank 0
sending 2361184 bytes from rank 0


Timing results from rank 0: 
	Scatter time:	29.5696 (ms) 
	Sobel time:	17.7927 (ms) 
	Gather time:	28.2918 (ms) 
Working on method M=1, concurrency P=25
sending 1457960 bytes from rank 23
sending 1457960 bytes from rank 9
sending 1457960 bytes from rank 18
sending 1457960 bytes from rank 10
sending 1457960 bytes from rank 19
sending 1457960 bytes from rank 17
sending 1457960 bytes from rank 7
sending 1457960 bytes from rank 2
sending 1457960 bytes from rank 20
sending 1457960 bytes from rank 16
sending 1457960 bytes from rank 12
sending 1457960 bytes from rank 3
sending 1457960 bytes from rank 22
sending 1457960 bytes from rank 14
sending 1457960 bytes from rank 8
sending 1457960 bytes from rank 1
sending 1457960 bytes from rank 21
sending 1457960 bytes from rank 15
sending 1457960 bytes from rank 4
sending 1457960 bytes from rank 13
sending 1457960 bytes from rank 11
sending 1457960 bytes from rank 5
sending 1457960 bytes from rank 6
sending 1607312 bytes from rank 24
sending 1472184 bytes from rank 0
sending 1472184 bytes from rank 0
sending 1472184 bytes from rank 0
sending 1472184 bytes from rank 0
sending 1472184 bytes from rank 0
sending 1472184 bytes from rank 0
sending 1472184 bytes from rank 0
sending 1472184 bytes from rank 0
sending 1472184 bytes from rank 0
sending 1472184 bytes from rank 0
sending 1472184 bytes from rank 0
sending 1472184 bytes from rank 0
sending 1472184 bytes from rank 0
sending 1472184 bytes from rank 0
sending 1472184 bytes from rank 0
sending 1472184 bytes from rank 0
sending 1472184 bytes from rank 0
sending 1472184 bytes from rank 0
sending 1472184 bytes from rank 0
sending 1472184 bytes from rank 0
sending 1472184 bytes from rank 0
sending 1472184 bytes from rank 0
sending 1472184 bytes from rank 0
sending 1614424 bytes from rank 0


Timing results from rank 0: 
	Scatter time:	28.2717 (ms) 
	Sobel time:	12.1563 (ms) 
	Gather time:	25.3383 (ms) 
Working on method M=1, concurrency P=36
sending 1009904 bytes from rank 17
sending 1009904 bytes from rank 19
sending 1009904 bytes from rank 34
sending 1009904 bytes from rank 3
sending 1009904 bytes from rank 14
sending 1009904 bytes from rank 29
sending 1009904 bytes from rank 10
sending 1009904 bytes from rank 20
sending 1009904 bytes from rank 28
sending 1009904 bytes from rank 4
sending 1009904 bytes from rank 21
sending 1009904 bytes from rank 32
sending 1009904 bytes from rank 7
sending 1009904 bytes from rank 25
sending 1009904 bytes from rank 16
sending 1009904 bytes from rank 24
sending 1009904 bytes from rank 11
sending 1009904 bytes from rank 22
sending 1009904 bytes from rank 6
sending 1009904 bytes from rank 15
sending 1009904 bytes from rank 23
sending 1009904 bytes from rank 2
sending 1009904 bytes from rank 9
sending 1009904 bytes from rank 26
sending 1009904 bytes from rank 5
sending 1009904 bytes from rank 13
sending 1009904 bytes from rank 18
sending 1009904 bytes from rank 8
sending 1009904 bytes from rank 30
sending 1009904 bytes from rank 1
sending 1009904 bytes from rank 31
sending 1009904 bytes from rank 12
sending 1009904 bytes from rank 33
sending 1251712 bytes from rank 35
sending 1009904 bytes from rank 27
sending 1024128 bytes from rank 0
sending 1024128 bytes from rank 0
sending 1024128 bytes from rank 0
sending 1024128 bytes from rank 0
sending 1024128 bytes from rank 0
sending 1024128 bytes from rank 0
sending 1024128 bytes from rank 0
sending 1024128 bytes from rank 0
sending 1024128 bytes from rank 0
sending 1024128 bytes from rank 0
sending 1024128 bytes from rank 0
sending 1024128 bytes from rank 0
sending 1024128 bytes from rank 0
sending 1024128 bytes from rank 0
sending 1024128 bytes from rank 0
sending 1024128 bytes from rank 0
sending 1024128 bytes from rank 0
sending 1024128 bytes from rank 0
sending 1024128 bytes from rank 0
sending 1024128 bytes from rank 0
sending 1024128 bytes from rank 0
sending 1024128 bytes from rank 0
sending 1024128 bytes from rank 0
sending 1024128 bytes from rank 0
sending 1024128 bytes from rank 0
sending 1024128 bytes from rank 0
sending 1024128 bytes from rank 0
sending 1024128 bytes from rank 0
sending 1024128 bytes from rank 0
sending 1024128 bytes from rank 0
sending 1024128 bytes from rank 0
sending 1024128 bytes from rank 0
sending 1024128 bytes from rank 0
sending 1024128 bytes from rank 0
sending 1258824 bytes from rank 0


Timing results from rank 0: 
	Scatter time:	28.5967 (ms) 
	Sobel time:	9.4664 (ms) 
	Gather time:	26.3198 (ms) 
Working on method M=1, concurrency P=49
sending 746760 bytes from rank 19
sending 746760 bytes from rank 39
sending 746760 bytes from rank 29
sending 746760 bytes from rank 2
sending 746760 bytes from rank 23
sending 746760 bytes from rank 27
sending 746760 bytes from rank 6
sending 746760 bytes from rank 45
sending 746760 bytes from rank 26
sending 746760 bytes from rank 40
sending 746760 bytes from rank 34
sending 746760 bytes from rank 14
sending 746760 bytes from rank 30
sending 746760 bytes from rank 16
sending 746760 bytes from rank 25
sending 746760 bytes from rank 4
sending 746760 bytes from rank 20
sending 746760 bytes from rank 28
sending 746760 bytes from rank 5
sending 746760 bytes from rank 24
sending 746760 bytes from rank 41
sending 746760 bytes from rank 1
sending 746760 bytes from rank 13
sending 746760 bytes from rank 43
sending 746760 bytes from rank 21
sending 746760 bytes from rank 46
sending 746760 bytes from rank 31
sending 753872 bytes from rank 48
sending 746760 bytes from rank 35
sending 746760 bytes from rank 8
sending 746760 bytes from rank 44
sending 746760 bytes from rank 7
sending 746760 bytes from rank 18
sending 746760 bytes from rank 3
sending 746760 bytes from rank 17
sending 746760 bytes from rank 11
sending 746760 bytes from rank 22
sending 746760 bytes from rank 37
sending 746760 bytes from rank 9
sending 746760 bytes from rank 32
sending 746760 bytes from rank 10
sending 746760 bytes from rank 36
sending 746760 bytes from rank 12
sending 746760 bytes from rank 47
sending 746760 bytes from rank 42
sending 746760 bytes from rank 15
sending 746760 bytes from rank 33
sending 746760 bytes from rank 38
sending 760984 bytes from rank 0
sending 760984 bytes from rank 0
sending 760984 bytes from rank 0
sending 760984 bytes from rank 0
sending 760984 bytes from rank 0
sending 760984 bytes from rank 0
sending 760984 bytes from rank 0
sending 760984 bytes from rank 0
sending 760984 bytes from rank 0
sending 760984 bytes from rank 0
sending 760984 bytes from rank 0
sending 760984 bytes from rank 0
sending 760984 bytes from rank 0
sending 760984 bytes from rank 0
sending 760984 bytes from rank 0
sending 760984 bytes from rank 0
sending 760984 bytes from rank 0
sending 760984 bytes from rank 0
sending 760984 bytes from rank 0
sending 760984 bytes from rank 0
sending 760984 bytes from rank 0
sending 760984 bytes from rank 0
sending 760984 bytes from rank 0
sending 760984 bytes from rank 0
sending 760984 bytes from rank 0
sending 760984 bytes from rank 0
sending 760984 bytes from rank 0
sending 760984 bytes from rank 0
sending 760984 bytes from rank 0
sending 760984 bytes from rank 0
sending 760984 bytes from rank 0
sending 760984 bytes from rank 0
sending 760984 bytes from rank 0
sending 760984 bytes from rank 0
sending 760984 bytes from rank 0
sending 760984 bytes from rank 0
sending 760984 bytes from rank 0
sending 760984 bytes from rank 0
sending 760984 bytes from rank 0
sending 760984 bytes from rank 0
sending 760984 bytes from rank 0
sending 760984 bytes from rank 0
sending 760984 bytes from rank 0
sending 760984 bytes from rank 0
sending 760984 bytes from rank 0
sending 760984 bytes from rank 0
sending 760984 bytes from rank 0
sending 760984 bytes from rank 0


Timing results from rank 0: 
	Scatter time:	29.9086 (ms) 
	Sobel time:	7.0514 (ms) 
	Gather time:	26.5790 (ms) 
Working on method M=1, concurrency P=64
sending 568960 bytes from rank 56
sending 568960 bytes from rank 18
sending 568960 bytes from rank 33
sending 568960 bytes from rank 26
sending 568960 bytes from rank 3
sending 568960 bytes from rank 1
sending 568960 bytes from rank 53
sending 568960 bytes from rank 2
sending 568960 bytes from rank 44
sending 568960 bytes from rank 45
sending 568960 bytes from rank 32
sending 568960 bytes from rank 7
sending 568960 bytes from rank 19
sending 568960 bytes from rank 51
sending 568960 bytes from rank 21
sending 568960 bytes from rank 54
sending 568960 bytes from rank 22
sending 568960 bytes from rank 48
sending 568960 bytes from rank 17
sending 568960 bytes from rank 49
sending 568960 bytes from rank 27
sending 568960 bytes from rank 40
sending 568960 bytes from rank 5
sending 568960 bytes from rank 55
sending 568960 bytes from rank 20
sending 568960 bytes from rank 41
sending 568960 bytes from rank 43
sending 568960 bytes from rank 9
sending 568960 bytes from rank 57
sending 568960 bytes from rank 16
sending 568960 bytes from rank 6
sending 568960 bytes from rank 11
sending 568960 bytes from rank 42
sending 568960 bytes from rank 13
sending 568960 bytes from rank 50
sending 568960 bytes from rank 23
sending 568960 bytes from rank 37
sending 568960 bytes from rank 12
sending 568960 bytes from rank 52
sending 568960 bytes from rank 25
sending 568960 bytes from rank 39
sending 568960 bytes from rank 10
sending 568960 bytes from rank 58
sending 568960 bytes from rank 31
sending 568960 bytes from rank 47
sending 568960 bytes from rank 15
sending 568960 bytes from rank 59
sending 568960 bytes from rank 29
sending 568960 bytes from rank 46
sending 568960 bytes from rank 14
sending 568960 bytes from rank 60
sending 568960 bytes from rank 36
sending 568960 bytes from rank 8
sending 753872 bytes from rank 63
sending 568960 bytes from rank 38
sending 568960 bytes from rank 30
sending 568960 bytes from rank 34
sending 568960 bytes from rank 24
sending 568960 bytes from rank 62
sending 583184 bytes from rank 0
sending 583184 bytes from rank 0
sending 583184 bytes from rank 0
sending 583184 bytes from rank 0
sending 583184 bytes from rank 0
sending 583184 bytes from rank 0
sending 583184 bytes from rank 0
sending 583184 bytes from rank 0
sending 583184 bytes from rank 0
sending 583184 bytes from rank 0
sending 583184 bytes from rank 0
sending 583184 bytes from rank 0
sending 583184 bytes from rank 0
sending 583184 bytes from rank 0
sending 583184 bytes from rank 0
sending 583184 bytes from rank 0
sending 583184 bytes from rank 0
sending 583184 bytes from rank 0
sending 583184 bytes from rank 0
sending 583184 bytes from rank 0
sending 583184 bytes from rank 0
sending 583184 bytes from rank 0
sending 583184 bytes from rank 0
sending 583184 bytes from rank 0
sending 583184 bytes from rank 0
sending 583184 bytes from rank 0
sending 583184 bytes from rank 0
sending 583184 bytes from rank 0
sending 583184 bytes from rank 0
sending 583184 bytes from rank 0
sending 583184 bytes from rank 0
sending 568960 bytes from rank 35
sending 583184 bytes from rank 0
sending 583184 bytes from rank 0
sending 583184 bytes from rank 0
sending 583184 bytes from rank 0
sending 583184 bytes from rank 0
sending 583184 bytes from rank 0
sending 583184 bytes from rank 0
sending 583184 bytes from rank 0
sending 583184 bytes from rank 0
sending 583184 bytes from rank 0
sending 583184 bytes from rank 0
sending 583184 bytes from rank 0
sending 583184 bytes from rank 0
sending 583184 bytes from rank 0
sending 583184 bytes from rank 0
sending 583184 bytes from rank 0
sending 583184 bytes from rank 0
sending 583184 bytes from rank 0
sending 583184 bytes from rank 0
sending 583184 bytes from rank 0
sending 583184 bytes from rank 0
sending 583184 bytes from rank 0
sending 583184 bytes from rank 0
sending 583184 bytes from rank 0
sending 583184 bytes from rank 0
sending 583184 bytes from rank 0
sending 583184 bytes from rank 0
sending 583184 bytes from rank 0
sending 583184 bytes from rank 0
sending 583184 bytes from rank 0
sending 583184 bytes from rank 0
sending 760984 bytes from rank 0


Timing results from rank 0: 
	Scatter time:	32.9402 (ms) 
	Sobel time:	6.8679 (ms) 
	Gather time:	26.8382 (ms) 
sending 568960 bytes from rank 4
sending 568960 bytes from rank 61
sending 568960 bytes from rank 28
Working on method M=1, concurrency P=81
sending 448056 bytes from rank 22
sending 448056 bytes from rank 67
sending 448056 bytes from rank 72
sending 448056 bytes from rank 14
sending 448056 bytes from rank 64
sending 448056 bytes from rank 45
sending 448056 bytes from rank 6
sending 448056 bytes from rank 28
sending 448056 bytes from rank 42
sending 448056 bytes from rank 20
sending 448056 bytes from rank 26
sending 448056 bytes from rank 74
sending 448056 bytes from rank 43
sending 448056 bytes from rank 49
sending 448056 bytes from rank 4
sending 448056 bytes from rank 29
sending 448056 bytes from rank 52
sending 448056 bytes from rank 23
sending 448056 bytes from rank 3
sending 448056 bytes from rank 12
sending 448056 bytes from rank 33
sending 448056 bytes from rank 73
sending 448056 bytes from rank 60
sending 448056 bytes from rank 68
sending 448056 bytes from rank 21
sending 448056 bytes from rank 77
sending 448056 bytes from rank 30
sending 448056 bytes from rank 13
sending 753872 bytes from rank 80
sending 448056 bytes from rank 50
sending 448056 bytes from rank 70
sending 448056 bytes from rank 35
sending 448056 bytes from rank 58
sending 448056 bytes from rank 15
sending 448056 bytes from rank 24
sending 448056 bytes from rank 48
sending 448056 bytes from rank 16
sending 448056 bytes from rank 71
sending 448056 bytes from rank 39
sending 448056 bytes from rank 47
sending 448056 bytes from rank 1
sending 448056 bytes from rank 62
sending 448056 bytes from rank 76
sending 448056 bytes from rank 57
sending 448056 bytes from rank 7
sending 448056 bytes from rank 55
sending 448056 bytes from rank 27
sending 448056 bytes from rank 31
sending 448056 bytes from rank 44
sending 448056 bytes from rank 17
sending 448056 bytes from rank 36
sending 448056 bytes from rank 51
sending 448056 bytes from rank 8
sending 448056 bytes from rank 56
sending 448056 bytes from rank 11
sending 448056 bytes from rank 46
sending 448056 bytes from rank 78
sending 448056 bytes from rank 2
sending 448056 bytes from rank 37
sending 448056 bytes from rank 69
sending 448056 bytes from rank 53
sending 448056 bytes from rank 5
sending 448056 bytes from rank 32
sending 448056 bytes from rank 63
sending 448056 bytes from rank 59
sending 448056 bytes from rank 9
sending 448056 bytes from rank 40
sending 448056 bytes from rank 75
sending 448056 bytes from rank 54
sending 448056 bytes from rank 10
sending 448056 bytes from rank 25
sending 448056 bytes from rank 79
sending 448056 bytes from rank 38
sending 448056 bytes from rank 65
sending 448056 bytes from rank 66
sending 448056 bytes from rank 18
sending 448056 bytes from rank 19
sending 448056 bytes from rank 61
sending 448056 bytes from rank 41
sending 448056 bytes from rank 34
sending 462280 bytes from rank 0
sending 462280 bytes from rank 0
sending 462280 bytes from rank 0
sending 462280 bytes from rank 0
sending 462280 bytes from rank 0
sending 462280 bytes from rank 0
sending 462280 bytes from rank 0
sending 462280 bytes from rank 0
sending 462280 bytes from rank 0
sending 462280 bytes from rank 0
sending 462280 bytes from rank 0
sending 462280 bytes from rank 0
sending 462280 bytes from rank 0
sending 462280 bytes from rank 0
sending 462280 bytes from rank 0
sending 462280 bytes from rank 0
sending 462280 bytes from rank 0
sending 462280 bytes from rank 0
sending 462280 bytes from rank 0
sending 462280 bytes from rank 0
sending 462280 bytes from rank 0
sending 462280 bytes from rank 0
sending 462280 bytes from rank 0
sending 462280 bytes from rank 0
sending 462280 bytes from rank 0
sending 462280 bytes from rank 0
sending 462280 bytes from rank 0
sending 462280 bytes from rank 0
sending 462280 bytes from rank 0
sending 462280 bytes from rank 0
sending 462280 bytes from rank 0
sending 462280 bytes from rank 0
sending 462280 bytes from rank 0
sending 462280 bytes from rank 0
sending 462280 bytes from rank 0
sending 462280 bytes from rank 0
sending 462280 bytes from rank 0
sending 462280 bytes from rank 0
sending 462280 bytes from rank 0
sending 462280 bytes from rank 0
sending 462280 bytes from rank 0
sending 462280 bytes from rank 0
sending 462280 bytes from rank 0
sending 462280 bytes from rank 0
sending 462280 bytes from rank 0
sending 462280 bytes from rank 0
sending 462280 bytes from rank 0
sending 462280 bytes from rank 0
sending 462280 bytes from rank 0
sending 462280 bytes from rank 0
sending 462280 bytes from rank 0
sending 462280 bytes from rank 0
sending 462280 bytes from rank 0
sending 462280 bytes from rank 0
sending 462280 bytes from rank 0
sending 462280 bytes from rank 0
sending 462280 bytes from rank 0
sending 462280 bytes from rank 0
sending 462280 bytes from rank 0
sending 462280 bytes from rank 0
sending 462280 bytes from rank 0
sending 462280 bytes from rank 0
sending 462280 bytes from rank 0
sending 462280 bytes from rank 0
sending 462280 bytes from rank 0
sending 462280 bytes from rank 0
sending 462280 bytes from rank 0
sending 462280 bytes from rank 0
sending 462280 bytes from rank 0
sending 462280 bytes from rank 0
sending 462280 bytes from rank 0
sending 462280 bytes from rank 0
sending 462280 bytes from rank 0
sending 462280 bytes from rank 0
sending 462280 bytes from rank 0
sending 462280 bytes from rank 0
sending 462280 bytes from rank 0
sending 462280 bytes from rank 0
sending 462280 bytes from rank 0
sending 760984 bytes from rank 0


Timing results from rank 0: 
	Scatter time:	34.9803 (ms) 
	Sobel time:	6.5974 (ms) 
	Gather time:	27.2957 (ms) 
Working on method M=2, concurrency P=4
sending 9149588 bytes from rank 1
sending 9149588 bytes from rank 3
sending 9149588 bytes from rank 2
sending 9159880 bytes from rank 0
sending 9159880 bytes from rank 0
sending 9154734 bytes from rank 0


Timing results from rank 0: 
	Scatter time:	40.8292 (ms) 
	Sobel time:	69.5596 (ms) 
	Gather time:	32.9278 (ms) 
Working on method M=2, concurrency P=9
sending 4065340 bytes from rank 2
sending 4065340 bytes from rank 3
sending 4065340 bytes from rank 4
sending 4065340 bytes from rank 7
sending 4065340 bytes from rank 1
sending 4065340 bytes from rank 5
sending 4075632 bytes from rank 8
sending 4065340 bytes from rank 6
sending 4075632 bytes from rank 0
sending 4075632 bytes from rank 0
sending 4075632 bytes from rank 0
sending 4075632 bytes from rank 0
sending 4075632 bytes from rank 0
sending 4075632 bytes from rank 0
sending 4075632 bytes from rank 0
sending 4080778 bytes from rank 0


Timing results from rank 0: 
	Scatter time:	34.8042 (ms) 
	Sobel time:	31.2525 (ms) 
	Gather time:	29.9420 (ms) 
Working on method M=2, concurrency P=16
sending 2284824 bytes from rank 11
sending 2284824 bytes from rank 3
sending 2284824 bytes from rank 5
sending 2284824 bytes from rank 2
sending 2284824 bytes from rank 4
sending 2284824 bytes from rank 12
sending 2284824 bytes from rank 1
sending 2284824 bytes from rank 7
sending 2284824 bytes from rank 10
sending 2325992 bytes from rank 15
sending 2284824 bytes from rank 6
sending 2284824 bytes from rank 13
sending 2284824 bytes from rank 14
sending 2284824 bytes from rank 8
sending 2284824 bytes from rank 9
sending 2295116 bytes from rank 0
sending 2295116 bytes from rank 0
sending 2295116 bytes from rank 0
sending 2295116 bytes from rank 0
sending 2295116 bytes from rank 0
sending 2295116 bytes from rank 0
sending 2295116 bytes from rank 0
sending 2295116 bytes from rank 0
sending 2295116 bytes from rank 0
sending 2295116 bytes from rank 0
sending 2295116 bytes from rank 0
sending 2295116 bytes from rank 0
sending 2295116 bytes from rank 0
sending 2295116 bytes from rank 0
sending 2331138 bytes from rank 0


Timing results from rank 0: 
	Scatter time:	33.0946 (ms) 
	Sobel time:	17.7376 (ms) 
	Gather time:	31.8578 (ms) 
Working on method M=2, concurrency P=25
sending 1461464 bytes from rank 22
sending 1461464 bytes from rank 21
sending 1461464 bytes from rank 6
sending 1461464 bytes from rank 15
sending 1461464 bytes from rank 9
sending 1461464 bytes from rank 23
sending 1461464 bytes from rank 2
sending 1461464 bytes from rank 16
sending 1461464 bytes from rank 7
sending 1523216 bytes from rank 24
sending 1461464 bytes from rank 3
sending 1461464 bytes from rank 14
sending 1461464 bytes from rank 11
sending 1461464 bytes from rank 20
sending 1461464 bytes from rank 1
sending 1461464 bytes from rank 17
sending 1461464 bytes from rank 8
sending 1461464 bytes from rank 19
sending 1461464 bytes from rank 5
sending 1461464 bytes from rank 18
sending 1461464 bytes from rank 10
sending 1461464 bytes from rank 4
sending 1461464 bytes from rank 13
sending 1461464 bytes from rank 12
sending 1471756 bytes from rank 0
sending 1471756 bytes from rank 0
sending 1471756 bytes from rank 0
sending 1471756 bytes from rank 0
sending 1471756 bytes from rank 0
sending 1471756 bytes from rank 0
sending 1471756 bytes from rank 0
sending 1471756 bytes from rank 0
sending 1471756 bytes from rank 0
sending 1471756 bytes from rank 0
sending 1471756 bytes from rank 0
sending 1471756 bytes from rank 0
sending 1471756 bytes from rank 0
sending 1471756 bytes from rank 0
sending 1471756 bytes from rank 0
sending 1471756 bytes from rank 0
sending 1471756 bytes from rank 0
sending 1471756 bytes from rank 0
sending 1471756 bytes from rank 0
sending 1471756 bytes from rank 0
sending 1471756 bytes from rank 0
sending 1471756 bytes from rank 0
sending 1471756 bytes from rank 0
sending 1528362 bytes from rank 0


Timing results from rank 0: 
	Scatter time:	34.0678 (ms) 
	Sobel time:	11.8697 (ms) 
	Gather time:	31.5231 (ms) 
Working on method M=2, concurrency P=36
sending 1013762 bytes from rank 8
sending 1013762 bytes from rank 12
sending 1013762 bytes from rank 30
sending 1013762 bytes from rank 23
sending 1013762 bytes from rank 16
sending 1013762 bytes from rank 10
sending 1013762 bytes from rank 1
sending 1116682 bytes from rank 35
sending 1013762 bytes from rank 13
sending 1013762 bytes from rank 3
sending 1013762 bytes from rank 32
sending 1013762 bytes from rank 19
sending 1013762 bytes from rank 14
sending 1013762 bytes from rank 28
sending 1013762 bytes from rank 20
sending 1013762 bytes from rank 11
sending 1013762 bytes from rank 29
sending 1013762 bytes from rank 22
sending 1013762 bytes from rank 4
sending 1013762 bytes from rank 25
sending 1013762 bytes from rank 2
sending 1013762 bytes from rank 26
sending 1013762 bytes from rank 15
sending 1013762 bytes from rank 5
sending 1013762 bytes from rank 31
sending 1013762 bytes from rank 9
sending 1013762 bytes from rank 7
sending 1013762 bytes from rank 33
sending 1013762 bytes from rank 34
sending 1013762 bytes from rank 17
sending 1024054 bytes from rank 0
sending 1024054 bytes from rank 0
sending 1024054 bytes from rank 0
sending 1024054 bytes from rank 0
sending 1024054 bytes from rank 0
sending 1024054 bytes from rank 0
sending 1024054 bytes from rank 0
sending 1024054 bytes from rank 0
sending 1024054 bytes from rank 0
sending 1024054 bytes from rank 0
sending 1024054 bytes from rank 0
sending 1024054 bytes from rank 0
sending 1024054 bytes from rank 0
sending 1024054 bytes from rank 0
sending 1024054 bytes from rank 0
sending 1024054 bytes from rank 0
sending 1024054 bytes from rank 0
sending 1024054 bytes from rank 0
sending 1024054 bytes from rank 0
sending 1024054 bytes from rank 0
sending 1024054 bytes from rank 0
sending 1024054 bytes from rank 0
sending 1024054 bytes from rank 0
sending 1024054 bytes from rank 0
sending 1024054 bytes from rank 0
sending 1024054 bytes from rank 0
sending 1024054 bytes from rank 0
sending 1024054 bytes from rank 0
sending 1024054 bytes from rank 0
sending 1024054 bytes from rank 0
sending 1013762 bytes from rank 21
sending 1024054 bytes from rank 0
sending 1024054 bytes from rank 0
sending 1024054 bytes from rank 0
sending 1024054 bytes from rank 0
sending 1121828 bytes from rank 0


Timing results from rank 0: 
	Scatter time:	34.2746 (ms) 
	Sobel time:	8.5457 (ms) 
	Gather time:	29.7742 (ms) 
sending 1013762 bytes from rank 18
sending 1013762 bytes from rank 6
sending 1013762 bytes from rank 27
sending 1013762 bytes from rank 24
Working on method M=2, concurrency P=49
sending 746170 bytes from rank 42
sending 746170 bytes from rank 20
sending 746170 bytes from rank 30
sending 746170 bytes from rank 39
sending 746170 bytes from rank 5
sending 746170 bytes from rank 16
sending 746170 bytes from rank 27
sending 746170 bytes from rank 9
sending 746170 bytes from rank 38
sending 746170 bytes from rank 22
sending 746170 bytes from rank 28
sending 746170 bytes from rank 10
sending 746170 bytes from rank 46
sending 746170 bytes from rank 19
sending 746170 bytes from rank 33
sending 746170 bytes from rank 4
sending 746170 bytes from rank 41
sending 746170 bytes from rank 14
sending 746170 bytes from rank 34
sending 746170 bytes from rank 11
sending 746170 bytes from rank 43
sending 746170 bytes from rank 18
sending 746170 bytes from rank 29
sending 746170 bytes from rank 2
sending 746170 bytes from rank 40
sending 746170 bytes from rank 32
sending 746170 bytes from rank 7
sending 746170 bytes from rank 44
sending 746170 bytes from rank 47
sending 746170 bytes from rank 21
sending 746170 bytes from rank 37
sending 746170 bytes from rank 23
sending 746170 bytes from rank 25
sending 746170 bytes from rank 17
sending 746170 bytes from rank 36
sending 746170 bytes from rank 15
sending 746170 bytes from rank 31
sending 746170 bytes from rank 45
sending 746170 bytes from rank 24
sending 746170 bytes from rank 1
sending 746170 bytes from rank 26
sending 746170 bytes from rank 6
sending 782192 bytes from rank 48
sending 746170 bytes from rank 8
sending 746170 bytes from rank 3
sending 746170 bytes from rank 12
sending 746170 bytes from rank 13
sending 746170 bytes from rank 35
sending 756462 bytes from rank 0
sending 756462 bytes from rank 0
sending 756462 bytes from rank 0
sending 756462 bytes from rank 0
sending 756462 bytes from rank 0
sending 756462 bytes from rank 0
sending 756462 bytes from rank 0
sending 756462 bytes from rank 0
sending 756462 bytes from rank 0
sending 756462 bytes from rank 0
sending 756462 bytes from rank 0
sending 756462 bytes from rank 0
sending 756462 bytes from rank 0
sending 756462 bytes from rank 0
sending 756462 bytes from rank 0
sending 756462 bytes from rank 0
sending 756462 bytes from rank 0
sending 756462 bytes from rank 0
sending 756462 bytes from rank 0
sending 756462 bytes from rank 0
sending 756462 bytes from rank 0
sending 756462 bytes from rank 0
sending 756462 bytes from rank 0
sending 756462 bytes from rank 0
sending 756462 bytes from rank 0
sending 756462 bytes from rank 0
sending 756462 bytes from rank 0
sending 756462 bytes from rank 0
sending 756462 bytes from rank 0
sending 756462 bytes from rank 0
sending 756462 bytes from rank 0
sending 756462 bytes from rank 0
sending 756462 bytes from rank 0
sending 756462 bytes from rank 0
sending 756462 bytes from rank 0
sending 756462 bytes from rank 0
sending 756462 bytes from rank 0
sending 756462 bytes from rank 0
sending 756462 bytes from rank 0
sending 756462 bytes from rank 0
sending 756462 bytes from rank 0
sending 756462 bytes from rank 0
sending 756462 bytes from rank 0
sending 756462 bytes from rank 0
sending 756462 bytes from rank 0
sending 756462 bytes from rank 0
sending 756462 bytes from rank 0
sending 787338 bytes from rank 0


Timing results from rank 0: 
	Scatter time:	33.9166 (ms) 
	Sobel time:	6.2458 (ms) 
	Gather time:	29.7829 (ms) 
Working on method M=2, concurrency P=64
sending 571206 bytes from rank 43
sending 571206 bytes from rank 49
sending 571206 bytes from rank 19
sending 571206 bytes from rank 58
sending 571206 bytes from rank 7
sending 571206 bytes from rank 1
sending 571206 bytes from rank 35
sending 571206 bytes from rank 21
sending 571206 bytes from rank 5
sending 571206 bytes from rank 36
sending 571206 bytes from rank 2
sending 571206 bytes from rank 17
sending 571206 bytes from rank 48
sending 571206 bytes from rank 9
sending 571206 bytes from rank 23
sending 571206 bytes from rank 50
sending 571206 bytes from rank 46
sending 571206 bytes from rank 22
sending 571206 bytes from rank 60
sending 571206 bytes from rank 47
sending 571206 bytes from rank 52
sending 571206 bytes from rank 45
sending 571206 bytes from rank 53
sending 571206 bytes from rank 30
sending 571206 bytes from rank 51
sending 571206 bytes from rank 29
sending 571206 bytes from rank 54
sending 571206 bytes from rank 55
sending 571206 bytes from rank 15
sending 571206 bytes from rank 39
sending 571206 bytes from rank 16
sending 571206 bytes from rank 34
sending 571206 bytes from rank 8
sending 571206 bytes from rank 37
sending 571206 bytes from rank 59
sending 571206 bytes from rank 25
sending 571206 bytes from rank 31
sending 571206 bytes from rank 11
sending 571206 bytes from rank 41
sending 571206 bytes from rank 61
sending 571206 bytes from rank 10
sending 571206 bytes from rank 42
sending 571206 bytes from rank 57
sending 571206 bytes from rank 14
sending 571206 bytes from rank 38
sending 571206 bytes from rank 27
sending 571206 bytes from rank 62
sending 571206 bytes from rank 3
sending 571206 bytes from rank 33
sending 571206 bytes from rank 18
sending 612374 bytes from rank 63
sending 571206 bytes from rank 6
sending 571206 bytes from rank 13
sending 571206 bytes from rank 4
sending 571206 bytes from rank 26
sending 571206 bytes from rank 20
sending 571206 bytes from rank 32
sending 571206 bytes from rank 12
sending 571206 bytes from rank 24
sending 571206 bytes from rank 40
sending 571206 bytes from rank 56
sending 571206 bytes from rank 44
sending 571206 bytes from rank 28
sending 581498 bytes from rank 0
sending 581498 bytes from rank 0
sending 581498 bytes from rank 0
sending 581498 bytes from rank 0
sending 581498 bytes from rank 0
sending 581498 bytes from rank 0
sending 581498 bytes from rank 0
sending 581498 bytes from rank 0
sending 581498 bytes from rank 0
sending 581498 bytes from rank 0
sending 581498 bytes from rank 0
sending 581498 bytes from rank 0
sending 581498 bytes from rank 0
sending 581498 bytes from rank 0
sending 581498 bytes from rank 0
sending 581498 bytes from rank 0
sending 581498 bytes from rank 0
sending 581498 bytes from rank 0
sending 581498 bytes from rank 0
sending 581498 bytes from rank 0
sending 581498 bytes from rank 0
sending 581498 bytes from rank 0
sending 581498 bytes from rank 0
sending 581498 bytes from rank 0
sending 581498 bytes from rank 0
sending 581498 bytes from rank 0
sending 581498 bytes from rank 0
sending 581498 bytes from rank 0
sending 581498 bytes from rank 0
sending 581498 bytes from rank 0
sending 581498 bytes from rank 0
sending 581498 bytes from rank 0
sending 581498 bytes from rank 0
sending 581498 bytes from rank 0
sending 581498 bytes from rank 0
sending 581498 bytes from rank 0
sending 581498 bytes from rank 0
sending 581498 bytes from rank 0
sending 581498 bytes from rank 0
sending 581498 bytes from rank 0
sending 581498 bytes from rank 0
sending 581498 bytes from rank 0
sending 581498 bytes from rank 0
sending 581498 bytes from rank 0
sending 581498 bytes from rank 0
sending 581498 bytes from rank 0
sending 581498 bytes from rank 0
sending 581498 bytes from rank 0
sending 581498 bytes from rank 0
sending 581498 bytes from rank 0
sending 581498 bytes from rank 0
sending 581498 bytes from rank 0
sending 581498 bytes from rank 0
sending 581498 bytes from rank 0
sending 581498 bytes from rank 0
sending 581498 bytes from rank 0
sending 581498 bytes from rank 0
sending 581498 bytes from rank 0
sending 581498 bytes from rank 0
sending 581498 bytes from rank 0
sending 581498 bytes from rank 0
sending 581498 bytes from rank 0
sending 617520 bytes from rank 0


Timing results from rank 0: 
	Scatter time:	35.1589 (ms) 
	Sobel time:	4.7399 (ms) 
	Gather time:	29.1894 (ms) 
Working on method M=2, concurrency P=81
sending 447702 bytes from rank 47
sending 447702 bytes from rank 30
sending 447702 bytes from rank 70
sending 447702 bytes from rank 45
sending 447702 bytes from rank 68
sending 447702 bytes from rank 62
sending 447702 bytes from rank 8
sending 447702 bytes from rank 25
sending 447702 bytes from rank 13
sending 447702 bytes from rank 69
sending 447702 bytes from rank 32
sending 447702 bytes from rank 14
sending 447702 bytes from rank 48
sending 447702 bytes from rank 22
sending 447702 bytes from rank 15
sending 447702 bytes from rank 46
sending 447702 bytes from rank 24
sending 447702 bytes from rank 12
sending 447702 bytes from rank 67
sending 447702 bytes from rank 49
sending 447702 bytes from rank 56
sending 447702 bytes from rank 50
sending 447702 bytes from rank 27
sending 447702 bytes from rank 75
sending 447702 bytes from rank 6
sending 447702 bytes from rank 59
sending 447702 bytes from rank 33
sending 447702 bytes from rank 7
sending 447702 bytes from rank 79
sending 447702 bytes from rank 60
sending 447702 bytes from rank 39
sending 447702 bytes from rank 19
sending 447702 bytes from rank 63
sending 447702 bytes from rank 40
sending 447702 bytes from rank 18
sending 447702 bytes from rank 71
sending 447702 bytes from rank 42
sending 447702 bytes from rank 44
sending 447702 bytes from rank 34
sending 447702 bytes from rank 72
sending 447702 bytes from rank 28
sending 447702 bytes from rank 73
sending 447702 bytes from rank 38
sending 447702 bytes from rank 54
sending 447702 bytes from rank 10
sending 447702 bytes from rank 64
sending 447702 bytes from rank 51
sending 447702 bytes from rank 9
sending 447702 bytes from rank 26
sending 447702 bytes from rank 74
sending 447702 bytes from rank 61
sending 447702 bytes from rank 52
sending 447702 bytes from rank 20
sending 782192 bytes from rank 80
sending 447702 bytes from rank 41
sending 447702 bytes from rank 23
sending 447702 bytes from rank 17
sending 447702 bytes from rank 53
sending 447702 bytes from rank 35
sending 447702 bytes from rank 16
sending 447702 bytes from rank 58
sending 447702 bytes from rank 21
sending 447702 bytes from rank 4
sending 447702 bytes from rank 78
sending 447702 bytes from rank 43
sending 447702 bytes from rank 29
sending 447702 bytes from rank 2
sending 447702 bytes from rank 65
sending 447702 bytes from rank 55
sending 447702 bytes from rank 31
sending 447702 bytes from rank 1
sending 447702 bytes from rank 76
sending 447702 bytes from rank 36
sending 447702 bytes from rank 3
sending 447702 bytes from rank 77
sending 447702 bytes from rank 11
sending 447702 bytes from rank 5
sending 447702 bytes from rank 66
sending 447702 bytes from rank 57
sending 447702 bytes from rank 37
sending 457994 bytes from rank 0
sending 457994 bytes from rank 0
sending 457994 bytes from rank 0
sending 457994 bytes from rank 0
sending 457994 bytes from rank 0
sending 457994 bytes from rank 0
sending 457994 bytes from rank 0
sending 457994 bytes from rank 0
sending 457994 bytes from rank 0
sending 457994 bytes from rank 0
sending 457994 bytes from rank 0
sending 457994 bytes from rank 0
sending 457994 bytes from rank 0
sending 457994 bytes from rank 0
sending 457994 bytes from rank 0
sending 457994 bytes from rank 0
sending 457994 bytes from rank 0
sending 457994 bytes from rank 0
sending 457994 bytes from rank 0
sending 457994 bytes from rank 0
sending 457994 bytes from rank 0
sending 457994 bytes from rank 0
sending 457994 bytes from rank 0
sending 457994 bytes from rank 0
sending 457994 bytes from rank 0
sending 457994 bytes from rank 0
sending 457994 bytes from rank 0
sending 457994 bytes from rank 0
sending 457994 bytes from rank 0
sending 457994 bytes from rank 0
sending 457994 bytes from rank 0
sending 457994 bytes from rank 0
sending 457994 bytes from rank 0
sending 457994 bytes from rank 0
sending 457994 bytes from rank 0
sending 457994 bytes from rank 0
sending 457994 bytes from rank 0
sending 457994 bytes from rank 0
sending 457994 bytes from rank 0
sending 457994 bytes from rank 0
sending 457994 bytes from rank 0
sending 457994 bytes from rank 0
sending 457994 bytes from rank 0
sending 457994 bytes from rank 0
sending 457994 bytes from rank 0
sending 457994 bytes from rank 0
sending 457994 bytes from rank 0
sending 457994 bytes from rank 0
sending 457994 bytes from rank 0
sending 457994 bytes from rank 0
sending 457994 bytes from rank 0
sending 457994 bytes from rank 0
sending 457994 bytes from rank 0
sending 457994 bytes from rank 0
sending 457994 bytes from rank 0
sending 457994 bytes from rank 0
sending 457994 bytes from rank 0
sending 457994 bytes from rank 0
sending 457994 bytes from rank 0
sending 457994 bytes from rank 0
sending 457994 bytes from rank 0
sending 457994 bytes from rank 0
sending 457994 bytes from rank 0
sending 457994 bytes from rank 0
sending 457994 bytes from rank 0
sending 457994 bytes from rank 0
sending 457994 bytes from rank 0
sending 457994 bytes from rank 0
sending 457994 bytes from rank 0
sending 457994 bytes from rank 0
sending 457994 bytes from rank 0
sending 457994 bytes from rank 0
sending 457994 bytes from rank 0
sending 457994 bytes from rank 0
sending 457994 bytes from rank 0
sending 457994 bytes from rank 0
sending 457994 bytes from rank 0
sending 457994 bytes from rank 0
sending 457994 bytes from rank 0
sending 787338 bytes from rank 0


Timing results from rank 0: 
	Scatter time:	41.6681 (ms) 
	Sobel time:	6.7567 (ms) 
	Gather time:	30.1980 (ms) 
Working on method M=3, concurrency P=4
sending 9149588 bytes from rank 3
sending 9149588 bytes from rank 1
sending 9149588 bytes from rank 2
sending 9155718 bytes from rank 0
sending 9155718 bytes from rank 0
sending 9155718 bytes from rank 0


Timing results from rank 0: 
	Scatter time:	37.4288 (ms) 
	Sobel time:	69.6961 (ms) 
	Gather time:	31.4761 (ms) 
Working on method M=3, concurrency P=9
sending 4064550 bytes from rank 3
sending 4064550 bytes from rank 1
sending 4066920 bytes from rank 7
sending 4064550 bytes from rank 4
sending 4067980 bytes from rank 2
sending 4066920 bytes from rank 6
sending 4070352 bytes from rank 8
sending 4067980 bytes from rank 5
sending 4070352 bytes from rank 0
sending 4072068 bytes from rank 0
sending 4071007 bytes from rank 0
sending 4072724 bytes from rank 0
sending 4074441 bytes from rank 0
sending 4071007 bytes from rank 0
sending 4072724 bytes from rank 0
sending 4074441 bytes from rank 0


Timing results from rank 0: 
	Scatter time:	42.2891 (ms) 
	Sobel time:	31.3932 (ms) 
	Gather time:	26.4556 (ms) 
Working on method M=3, concurrency P=16
sending 2286508 bytes from rank 1
sending 2286508 bytes from rank 2
sending 2286508 bytes from rank 3
sending 2286508 bytes from rank 9
sending 2290064 bytes from rank 13
sending 2286508 bytes from rank 4
sending 2286508 bytes from rank 8
sending 2290064 bytes from rank 12
sending 2286508 bytes from rank 5
sending 2286508 bytes from rank 11
sending 2290064 bytes from rank 15
sending 2286508 bytes from rank 6
sending 2286508 bytes from rank 10
sending 2290064 bytes from rank 14
sending 2286508 bytes from rank 7
sending 2290860 bytes from rank 0
sending 2290860 bytes from rank 0
sending 2289573 bytes from rank 0
sending 2291352 bytes from rank 0
sending 2292640 bytes from rank 0
sending 2292640 bytes from rank 0
sending 2291352 bytes from rank 0
sending 2291352 bytes from rank 0
sending 2292640 bytes from rank 0
sending 2292640 bytes from rank 0
sending 2291352 bytes from rank 0
sending 2293131 bytes from rank 0
sending 2294420 bytes from rank 0
sending 2294420 bytes from rank 0
sending 2293131 bytes from rank 0


Timing results from rank 0: 
	Scatter time:	32.6563 (ms) 
	Sobel time:	29.7634 (ms) 
	Gather time:	25.8250 (ms) 
Working on method M=3, concurrency P=25
sending 1463238 bytes from rank 1
sending 1464660 bytes from rank 22
sending 1465296 bytes from rank 4
sending 1464660 bytes from rank 21
sending 1465296 bytes from rank 9
sending 1463238 bytes from rank 15
sending 1466720 bytes from rank 24
sending 1463238 bytes from rank 11
sending 1463238 bytes from rank 16
sending 1463238 bytes from rank 3
sending 1464660 bytes from rank 20
sending 1463238 bytes from rank 8
sending 1465296 bytes from rank 14
sending 1463238 bytes from rank 2
sending 1463238 bytes from rank 12
sending 1463238 bytes from rank 18
sending 1463238 bytes from rank 6
sending 1463238 bytes from rank 7
sending 1463238 bytes from rank 13
sending 1464660 bytes from rank 23
sending 1463238 bytes from rank 17
sending 1463238 bytes from rank 10
sending 1465296 bytes from rank 19
sending 1463238 bytes from rank 5
sending 1466720 bytes from rank 0
sending 1466720 bytes from rank 0
sending 1466720 bytes from rank 0
sending 1467750 bytes from rank 0
sending 1467113 bytes from rank 0
sending 1468144 bytes from rank 0
sending 1468144 bytes from rank 0
sending 1468144 bytes from rank 0
sending 1469175 bytes from rank 0
sending 1467113 bytes from rank 0
sending 1468144 bytes from rank 0
sending 1468144 bytes from rank 0
sending 1468144 bytes from rank 0
sending 1469175 bytes from rank 0
sending 1467113 bytes from rank 0
sending 1468144 bytes from rank 0
sending 1468144 bytes from rank 0
sending 1468144 bytes from rank 0
sending 1469175 bytes from rank 0
sending 1467113 bytes from rank 0
sending 1468144 bytes from rank 0
sending 1468144 bytes from rank 0
sending 1468144 bytes from rank 0
sending 1469175 bytes from rank 0


Timing results from rank 0: 
	Scatter time:	31.7667 (ms) 
	Sobel time:	11.3993 (ms) 
	Gather time:	25.4420 (ms) 
Working on method M=3, concurrency P=36
sending 1015545 bytes from rank 13
sending 1015545 bytes from rank 14
sending 1017259 bytes from rank 29
sending 1015545 bytes from rank 22
sending 1015545 bytes from rank 28
sending 1015545 bytes from rank 2
sending 1017259 bytes from rank 23
sending 1015545 bytes from rank 15
sending 1020285 bytes from rank 31
sending 1015545 bytes from rank 4
sending 1015545 bytes from rank 10
sending 1020285 bytes from rank 34
sending 1015545 bytes from rank 1
sending 1015545 bytes from rank 19
sending 1015545 bytes from rank 16
sending 1022007 bytes from rank 35
sending 1015545 bytes from rank 6
sending 1015545 bytes from rank 21
sending 1020285 bytes from rank 33
sending 1017259 bytes from rank 5
sending 1015545 bytes from rank 24
sending 1015545 bytes from rank 3
sending 1015545 bytes from rank 12
sending 1015545 bytes from rank 8
sending 1017259 bytes from rank 17
sending 1020285 bytes from rank 32
sending 1015545 bytes from rank 25
sending 1017259 bytes from rank 11
sending 1020285 bytes from rank 30
sending 1015545 bytes from rank 18
sending 1015545 bytes from rank 7
sending 1015545 bytes from rank 26
sending 1015545 bytes from rank 27
sending 1015545 bytes from rank 20
sending 1015545 bytes from rank 9
sending 1018446 bytes from rank 0
sending 1018446 bytes from rank 0
sending 1018446 bytes from rank 0
sending 1018446 bytes from rank 0
sending 1019304 bytes from rank 0
sending 1018774 bytes from rank 0
sending 1019633 bytes from rank 0
sending 1019633 bytes from rank 0
sending 1019633 bytes from rank 0
sending 1019633 bytes from rank 0
sending 1020492 bytes from rank 0
sending 1018774 bytes from rank 0
sending 1019633 bytes from rank 0
sending 1019633 bytes from rank 0
sending 1019633 bytes from rank 0
sending 1019633 bytes from rank 0
sending 1020492 bytes from rank 0
sending 1018774 bytes from rank 0
sending 1019633 bytes from rank 0
sending 1019633 bytes from rank 0
sending 1019633 bytes from rank 0
sending 1019633 bytes from rank 0
sending 1020492 bytes from rank 0
sending 1018774 bytes from rank 0
sending 1019633 bytes from rank 0
sending 1019633 bytes from rank 0
sending 1019633 bytes from rank 0
sending 1019633 bytes from rank 0
sending 1020492 bytes from rank 0
sending 1022332 bytes from rank 0
sending 1023194 bytes from rank 0
sending 1023194 bytes from rank 0
sending 1023194 bytes from rank 0
sending 1023194 bytes from rank 0
sending 1024056 bytes from rank 0


Timing results from rank 0: 
	Scatter time:	31.2825 (ms) 
	Sobel time:	8.3950 (ms) 
	Gather time:	26.1842 (ms) 
Working on method M=3, concurrency P=49
sending 746760 bytes from rank 34
sending 747776 bytes from rank 45
sending 746760 bytes from rank 40
sending 746760 bytes from rank 30
sending 746760 bytes from rank 14
sending 746760 bytes from rank 37
sending 746760 bytes from rank 3
sending 746760 bytes from rank 15
sending 746760 bytes from rank 8
sending 746760 bytes from rank 12
sending 746760 bytes from rank 31
sending 746760 bytes from rank 38
sending 746760 bytes from rank 28
sending 746760 bytes from rank 24
sending 746760 bytes from rank 39
sending 746760 bytes from rank 26
sending 746760 bytes from rank 22
sending 746760 bytes from rank 32
sending 746760 bytes from rank 23
sending 746760 bytes from rank 33
sending 746760 bytes from rank 13
sending 747776 bytes from rank 42
sending 746760 bytes from rank 7
sending 746760 bytes from rank 29
sending 746760 bytes from rank 19
sending 747776 bytes from rank 48
sending 746760 bytes from rank 5
sending 746760 bytes from rank 27
sending 746760 bytes from rank 20
sending 747776 bytes from rank 44
sending 746760 bytes from rank 10
sending 746760 bytes from rank 35
sending 747776 bytes from rank 46
sending 746760 bytes from rank 9
sending 746760 bytes from rank 25
sending 746760 bytes from rank 2
sending 746760 bytes from rank 17
sending 747776 bytes from rank 43
sending 746760 bytes from rank 11
sending 746760 bytes from rank 21
sending 747776 bytes from rank 47
sending 746760 bytes from rank 18
sending 746760 bytes from rank 6
sending 746760 bytes from rank 36
sending 746760 bytes from rank 4
sending 749248 bytes from rank 0
sending 749248 bytes from rank 0
sending 749248 bytes from rank 0
sending 749248 bytes from rank 0
sending 749248 bytes from rank 0
sending 748512 bytes from rank 0
sending 749529 bytes from rank 0
sending 750266 bytes from rank 0
sending 750266 bytes from rank 0
sending 750266 bytes from rank 0
sending 750266 bytes from rank 0
sending 750266 bytes from rank 0
sending 749529 bytes from rank 0
sending 749529 bytes from rank 0
sending 750266 bytes from rank 0
sending 750266 bytes from rank 0
sending 750266 bytes from rank 0
sending 750266 bytes from rank 0
sending 750266 bytes from rank 0
sending 749529 bytes from rank 0
sending 749529 bytes from rank 0
sending 750266 bytes from rank 0
sending 750266 bytes from rank 0
sending 750266 bytes from rank 0
sending 750266 bytes from rank 0
sending 750266 bytes from rank 0
sending 749529 bytes from rank 0
sending 749529 bytes from rank 0
sending 750266 bytes from rank 0
sending 750266 bytes from rank 0
sending 750266 bytes from rank 0
sending 750266 bytes from rank 0
sending 750266 bytes from rank 0
sending 749529 bytes from rank 0
sending 749529 bytes from rank 0
sending 750266 bytes from rank 0
sending 750266 bytes from rank 0
sending 750266 bytes from rank 0
sending 750266 bytes from rank 0
sending 750266 bytes from rank 0
sending 749529 bytes from rank 0
sending 749529 bytes from rank 0
sending 750266 bytes from rank 0
sending 750266 bytes from rank 0
sending 750266 bytes from rank 0
sending 750266 bytes from rank 0
sending 750266 bytes from rank 0
sending 749529 bytes from rank 0


Timing results from rank 0: 
	Scatter time:	33.0293 (ms) 
	Sobel time:	6.0835 (ms) 
	Gather time:	29.9800 (ms) 
sending 746760 bytes from rank 16
sending 746760 bytes from rank 41
sending 746760 bytes from rank 1
Working on method M=3, concurrency P=64
sending 571627 bytes from rank 49
sending 571627 bytes from rank 35
sending 571627 bytes from rank 28
sending 571627 bytes from rank 12
sending 573405 bytes from rank 62
sending 571627 bytes from rank 18
sending 571627 bytes from rank 27
sending 571627 bytes from rank 21
sending 571627 bytes from rank 1
sending 573405 bytes from rank 63
sending 571627 bytes from rank 40
sending 571627 bytes from rank 6
sending 573405 bytes from rank 58
sending 571627 bytes from rank 34
sending 571627 bytes from rank 8
sending 571627 bytes from rank 43
sending 571627 bytes from rank 3
sending 571627 bytes from rank 45
sending 571627 bytes from rank 55
sending 571627 bytes from rank 47
sending 571627 bytes from rank 31
sending 571627 bytes from rank 2
sending 571627 bytes from rank 52
sending 571627 bytes from rank 29
sending 571627 bytes from rank 54
sending 571627 bytes from rank 26
sending 571627 bytes from rank 51
sending 571627 bytes from rank 42
sending 571627 bytes from rank 25
sending 571627 bytes from rank 53
sending 571627 bytes from rank 30
sending 571627 bytes from rank 15
sending 571627 bytes from rank 48
sending 571627 bytes from rank 5
sending 573405 bytes from rank 59
sending 571627 bytes from rank 10
sending 573405 bytes from rank 61
sending 571627 bytes from rank 9
sending 571627 bytes from rank 39
sending 571627 bytes from rank 46
sending 571627 bytes from rank 24
sending 573405 bytes from rank 56
sending 571627 bytes from rank 33
sending 571627 bytes from rank 16
sending 571627 bytes from rank 7
sending 573405 bytes from rank 57
sending 571627 bytes from rank 36
sending 571627 bytes from rank 17
sending 571627 bytes from rank 14
sending 571627 bytes from rank 50
sending 571627 bytes from rank 13
sending 571627 bytes from rank 11
sending 571627 bytes from rank 37
sending 571627 bytes from rank 19
sending 571627 bytes from rank 4
sending 571627 bytes from rank 32
sending 571627 bytes from rank 22
sending 571627 bytes from rank 41
sending 571627 bytes from rank 23
sending 571627 bytes from rank 44
sending 573405 bytes from rank 60
sending 571627 bytes from rank 38
sending 571627 bytes from rank 20
sending 573804 bytes from rank 0
sending 573804 bytes from rank 0
sending 573804 bytes from rank 0
sending 573804 bytes from rank 0
sending 573804 bytes from rank 0
sending 573804 bytes from rank 0
sending 573160 bytes from rank 0
sending 574050 bytes from rank 0
sending 574695 bytes from rank 0
sending 574695 bytes from rank 0
sending 574695 bytes from rank 0
sending 574695 bytes from rank 0
sending 574695 bytes from rank 0
sending 574695 bytes from rank 0
sending 574050 bytes from rank 0
sending 574050 bytes from rank 0
sending 574695 bytes from rank 0
sending 574695 bytes from rank 0
sending 574695 bytes from rank 0
sending 574695 bytes from rank 0
sending 574695 bytes from rank 0
sending 574695 bytes from rank 0
sending 574050 bytes from rank 0
sending 574050 bytes from rank 0
sending 574695 bytes from rank 0
sending 574695 bytes from rank 0
sending 574695 bytes from rank 0
sending 574695 bytes from rank 0
sending 574695 bytes from rank 0
sending 574695 bytes from rank 0
sending 574050 bytes from rank 0
sending 574050 bytes from rank 0
sending 574695 bytes from rank 0
sending 574695 bytes from rank 0
sending 574695 bytes from rank 0
sending 574695 bytes from rank 0
sending 574695 bytes from rank 0
sending 574695 bytes from rank 0
sending 574050 bytes from rank 0
sending 574050 bytes from rank 0
sending 574695 bytes from rank 0
sending 574695 bytes from rank 0
sending 574695 bytes from rank 0
sending 574695 bytes from rank 0
sending 574695 bytes from rank 0
sending 574695 bytes from rank 0
sending 574050 bytes from rank 0
sending 574050 bytes from rank 0
sending 574695 bytes from rank 0
sending 574695 bytes from rank 0
sending 574695 bytes from rank 0
sending 574695 bytes from rank 0
sending 574695 bytes from rank 0
sending 574695 bytes from rank 0
sending 574050 bytes from rank 0
sending 574940 bytes from rank 0
sending 575586 bytes from rank 0
sending 575586 bytes from rank 0
sending 575586 bytes from rank 0
sending 575586 bytes from rank 0
sending 575586 bytes from rank 0
sending 575586 bytes from rank 0
sending 574940 bytes from rank 0


Timing results from rank 0: 
	Scatter time:	34.2818 (ms) 
	Sobel time:	4.5926 (ms) 
	Gather time:	29.2448 (ms) 
Working on method M=3, concurrency P=81
sending 451090 bytes from rank 65
sending 451090 bytes from rank 47
sending 451090 bytes from rank 23
sending 451090 bytes from rank 43
sending 451090 bytes from rank 13
sending 451090 bytes from rank 5
sending 451090 bytes from rank 42
sending 451090 bytes from rank 12
sending 451090 bytes from rank 33
sending 451090 bytes from rank 64
sending 451090 bytes from rank 29
sending 456620 bytes from rank 72
sending 452232 bytes from rank 26
sending 451090 bytes from rank 1
sending 456620 bytes from rank 78
sending 451090 bytes from rank 7
sending 451090 bytes from rank 68
sending 452232 bytes from rank 8
sending 456620 bytes from rank 73
sending 451090 bytes from rank 25
sending 451090 bytes from rank 57
sending 451090 bytes from rank 32
sending 452232 bytes from rank 53
sending 451090 bytes from rank 24
sending 451090 bytes from rank 67
sending 452232 bytes from rank 44
sending 451090 bytes from rank 48
sending 451090 bytes from rank 46
sending 452232 bytes from rank 35
sending 452232 bytes from rank 71
sending 451090 bytes from rank 60
sending 451090 bytes from rank 4
sending 451090 bytes from rank 52
sending 451090 bytes from rank 15
sending 451090 bytes from rank 21
sending 451090 bytes from rank 31
sending 451090 bytes from rank 10
sending 452232 bytes from rank 62
sending 451090 bytes from rank 50
sending 451090 bytes from rank 36
sending 456620 bytes from rank 76
sending 451090 bytes from rank 66
sending 451090 bytes from rank 45
sending 451090 bytes from rank 34
sending 451090 bytes from rank 19
sending 452232 bytes from rank 17
sending 451090 bytes from rank 58
sending 451090 bytes from rank 27
sending 451090 bytes from rank 3
sending 451090 bytes from rank 30
sending 451090 bytes from rank 16
sending 451090 bytes from rank 70
sending 451090 bytes from rank 22
sending 451090 bytes from rank 2
sending 456620 bytes from rank 79
sending 451090 bytes from rank 49
sending 451090 bytes from rank 69
sending 451090 bytes from rank 56
sending 456620 bytes from rank 74
sending 451090 bytes from rank 18
sending 451090 bytes from rank 63
sending 451090 bytes from rank 28
sending 451090 bytes from rank 6
sending 451090 bytes from rank 59
sending 451090 bytes from rank 39
sending 451090 bytes from rank 9
sending 451090 bytes from rank 41
sending 451090 bytes from rank 38
sending 451090 bytes from rank 11
sending 456620 bytes from rank 75
sending 451090 bytes from rank 55
sending 451090 bytes from rank 40
sending 451090 bytes from rank 20
sending 456620 bytes from rank 77
sending 457776 bytes from rank 80
sending 451090 bytes from rank 54
sending 453024 bytes from rank 0
sending 453024 bytes from rank 0
sending 453024 bytes from rank 0
sending 453024 bytes from rank 0
sending 453024 bytes from rank 0
sending 453024 bytes from rank 0
sending 453024 bytes from rank 0
sending 453596 bytes from rank 0
sending 453243 bytes from rank 0
sending 453816 bytes from rank 0
sending 453816 bytes from rank 0
sending 453816 bytes from rank 0
sending 453816 bytes from rank 0
sending 453816 bytes from rank 0
sending 453816 bytes from rank 0
sending 453816 bytes from rank 0
sending 454389 bytes from rank 0
sending 453243 bytes from rank 0
sending 453816 bytes from rank 0
sending 453816 bytes from rank 0
sending 453816 bytes from rank 0
sending 453816 bytes from rank 0
sending 453816 bytes from rank 0
sending 453816 bytes from rank 0
sending 453816 bytes from rank 0
sending 454389 bytes from rank 0
sending 453243 bytes from rank 0
sending 453816 bytes from rank 0
sending 453816 bytes from rank 0
sending 453816 bytes from rank 0
sending 453816 bytes from rank 0
sending 453816 bytes from rank 0
sending 453816 bytes from rank 0
sending 453816 bytes from rank 0
sending 454389 bytes from rank 0
sending 453243 bytes from rank 0
sending 453816 bytes from rank 0
sending 453816 bytes from rank 0
sending 453816 bytes from rank 0
sending 453816 bytes from rank 0
sending 453816 bytes from rank 0
sending 453816 bytes from rank 0
sending 453816 bytes from rank 0
sending 454389 bytes from rank 0
sending 453243 bytes from rank 0
sending 453816 bytes from rank 0
sending 453816 bytes from rank 0
sending 453816 bytes from rank 0
sending 453816 bytes from rank 0
sending 453816 bytes from rank 0
sending 453816 bytes from rank 0
sending 453816 bytes from rank 0
sending 454389 bytes from rank 0
sending 453243 bytes from rank 0
sending 453816 bytes from rank 0
sending 453816 bytes from rank 0
sending 453816 bytes from rank 0
sending 453816 bytes from rank 0
sending 453816 bytes from rank 0
sending 453816 bytes from rank 0
sending 453816 bytes from rank 0
sending 454389 bytes from rank 0
sending 453243 bytes from rank 0
sending 453816 bytes from rank 0
sending 453816 bytes from rank 0
sending 453816 bytes from rank 0
sending 453816 bytes from rank 0
sending 453816 bytes from rank 0
sending 453816 bytes from rank 0
sending 453816 bytes from rank 0
sending 454389 bytes from rank 0
sending 457989 bytes from rank 0
sending 458568 bytes from rank 0
sending 458568 bytes from rank 0
sending 458568 bytes from rank 0
sending 458568 bytes from rank 0
sending 458568 bytes from rank 0
sending 458568 bytes from rank 0
sending 458568 bytes from rank 0
sending 459147 bytes from rank 0


Timing results from rank 0: 
	Scatter time:	33.2457 (ms) 
	Sobel time:	4.1593 (ms) 
	Gather time:	31.8774 (ms) 
sending 451090 bytes from rank 61
sending 451090 bytes from rank 51
sending 451090 bytes from rank 37
sending 451090 bytes from rank 14
